<?xml version="1.0" encoding="UTF-8"?>
<robot generator="Robot 3.2.1 (Python 3.8.2 on darwin)" generated="20200720 00:13:40.689" rpa="false">
<suite id="s1" name="Tests" source="/Users/robsons/projetos/roboweek/ninjachef/tests">
<suite id="s1-s1" name="Cadastro" source="/Users/robsons/projetos/roboweek/ninjachef/tests/cadastro.robot">
<test id="s1-s1-t1" name="Cadastro Simples">
<kw name="Open Session" library="base" type="setup">
<kw name="Open Browser" library="SeleniumLibrary">
<doc>Opens a new browser instance to the optional ``url``.</doc>
<arguments>
<arg>about:blank</arg>
<arg>chrome</arg>
</arguments>
<msg timestamp="20200720 00:13:40.916" level="INFO">Opening browser 'chrome' to base url 'about:blank'.</msg>
<status status="PASS" starttime="20200720 00:13:40.916" endtime="20200720 00:13:43.094"></status>
</kw>
<status status="PASS" starttime="20200720 00:13:40.915" endtime="20200720 00:13:43.095"></status>
</kw>
<kw name="Dado que acesso a página principal" library="kws">
<kw name="Open Browser" library="SeleniumLibrary">
<doc>Opens a new browser instance to the optional ``url``.</doc>
<arguments>
<arg>${base_url}</arg>
<arg>chrome</arg>
</arguments>
<msg timestamp="20200720 00:13:43.097" level="INFO">Opening browser 'chrome' to base url 'http://ninjachef-qaninja-io.umbler.net/'.</msg>
<status status="PASS" starttime="20200720 00:13:43.096" endtime="20200720 00:13:46.026"></status>
</kw>
<status status="PASS" starttime="20200720 00:13:43.096" endtime="20200720 00:13:46.026"></status>
</kw>
<kw name="Quando submeto o meu email &quot;robsonse@teste.com&quot;" library="kws">
<kw name="Input Text" library="SeleniumLibrary">
<doc>Types the given ``text`` into the text field identified by ``locator``.</doc>
<arguments>
<arg>${CAMPO_EMAIL}</arg>
<arg>${email}</arg>
</arguments>
<msg timestamp="20200720 00:13:46.027" level="INFO">Typing text 'robsonse@teste.com' into text field 'id:email'.</msg>
<status status="PASS" starttime="20200720 00:13:46.027" endtime="20200720 00:13:46.275"></status>
</kw>
<kw name="Click Element" library="SeleniumLibrary">
<doc>Click the element identified by ``locator``.</doc>
<arguments>
<arg>${BOTAO_ENTRAR}</arg>
</arguments>
<msg timestamp="20200720 00:13:46.276" level="INFO">Clicking element 'css:button[type=submit]'.</msg>
<status status="PASS" starttime="20200720 00:13:46.275" endtime="20200720 00:13:46.326"></status>
</kw>
<status status="PASS" starttime="20200720 00:13:46.027" endtime="20200720 00:13:46.326"></status>
</kw>
<kw name="Então devo ser autenticado" library="kws">
<kw name="Wait Until Page Contains Element" library="SeleniumLibrary">
<doc>Waits until the element ``locator`` appears on the current page.</doc>
<arguments>
<arg>${DIV_DASH}</arg>
</arguments>
<status status="PASS" starttime="20200720 00:13:46.327" endtime="20200720 00:13:46.582"></status>
</kw>
<kw name="Close Browser" library="SeleniumLibrary">
<doc>Closes the current browser.</doc>
<status status="PASS" starttime="20200720 00:13:46.582" endtime="20200720 00:13:46.658"></status>
</kw>
<status status="PASS" starttime="20200720 00:13:46.327" endtime="20200720 00:13:46.658"></status>
</kw>
<kw name="Close Session" library="base" type="teardown">
<kw name="Capture Page Screenshot" library="SeleniumLibrary">
<doc>Takes a screenshot of the current page and embeds it into a log file.</doc>
<msg timestamp="20200720 00:13:46.659" level="INFO">Cannot capture screenshot because no browser is open.</msg>
<status status="PASS" starttime="20200720 00:13:46.659" endtime="20200720 00:13:46.660"></status>
</kw>
<kw name="Close Browser" library="SeleniumLibrary">
<doc>Closes the current browser.</doc>
<status status="PASS" starttime="20200720 00:13:46.660" endtime="20200720 00:13:46.660"></status>
</kw>
<status status="PASS" starttime="20200720 00:13:46.659" endtime="20200720 00:13:46.660"></status>
</kw>
<status status="PASS" starttime="20200720 00:13:40.915" endtime="20200720 00:13:46.660" critical="yes"></status>
</test>
<doc>Suite dos testes cadastro</doc>
<status status="PASS" starttime="20200720 00:13:40.713" endtime="20200720 00:13:46.663"></status>
</suite>
<suite id="s1-s2" name="Produtos" source="/Users/robsons/projetos/roboweek/ninjachef/tests/produtos.robot">
<test id="s1-s2-t1" name="Novo prato">
<kw name="Login Session" library="helpers" type="setup">
<arguments>
<arg>robsonse@teste.com</arg>
</arguments>
<kw name="Open Session" library="base">
<kw name="Open Browser" library="SeleniumLibrary">
<doc>Opens a new browser instance to the optional ``url``.</doc>
<arguments>
<arg>about:blank</arg>
<arg>chrome</arg>
</arguments>
<msg timestamp="20200720 00:13:46.674" level="INFO">Opening browser 'chrome' to base url 'about:blank'.</msg>
<status status="PASS" starttime="20200720 00:13:46.674" endtime="20200720 00:13:48.729"></status>
</kw>
<status status="PASS" starttime="20200720 00:13:46.674" endtime="20200720 00:13:48.730"></status>
</kw>
<kw name="Go To" library="SeleniumLibrary">
<doc>Navigates the current browser window to the provided ``url``.</doc>
<arguments>
<arg>${base_url}</arg>
</arguments>
<msg timestamp="20200720 00:13:48.731" level="INFO">Opening url 'http://ninjachef-qaninja-io.umbler.net/'</msg>
<status status="PASS" starttime="20200720 00:13:48.730" endtime="20200720 00:13:49.513"></status>
</kw>
<kw name="Input Text" library="SeleniumLibrary">
<doc>Types the given ``text`` into the text field identified by ``locator``.</doc>
<arguments>
<arg>${CAMPO_EMAIL}</arg>
<arg>${email}</arg>
</arguments>
<msg timestamp="20200720 00:13:49.514" level="INFO">Typing text 'robsonse@teste.com' into text field 'id:email'.</msg>
<status status="PASS" starttime="20200720 00:13:49.513" endtime="20200720 00:13:49.734"></status>
</kw>
<kw name="Click Element" library="SeleniumLibrary">
<doc>Click the element identified by ``locator``.</doc>
<arguments>
<arg>${BOTAO_ENTRAR}</arg>
</arguments>
<msg timestamp="20200720 00:13:49.734" level="INFO">Clicking element 'css:button[type=submit]'.</msg>
<status status="PASS" starttime="20200720 00:13:49.734" endtime="20200720 00:13:49.775"></status>
</kw>
<kw name="Wait Until Page Contains Element" library="SeleniumLibrary">
<doc>Waits until the element ``locator`` appears on the current page.</doc>
<arguments>
<arg>${DIV_DASH}</arg>
</arguments>
<status status="PASS" starttime="20200720 00:13:49.775" endtime="20200720 00:13:50.201"></status>
</kw>
<status status="PASS" starttime="20200720 00:13:46.673" endtime="20200720 00:13:50.201"></status>
</kw>
<kw name="Dado que &quot;${nhoque}&quot; é um dos meus pratos" library="kws">
<kw name="Set Test Variable" library="BuiltIn">
<doc>Makes a variable available everywhere within the scope of the current test.</doc>
<arguments>
<arg>${produto}</arg>
</arguments>
<msg timestamp="20200720 00:13:50.202" level="INFO">${produto} = {'img': 'nhoque.jpeg', 'nome': 'Nnhoque molho práprica', 'tipo': 'Massas', 'preco': '20.00'}</msg>
<status status="PASS" starttime="20200720 00:13:50.202" endtime="20200720 00:13:50.202"></status>
</kw>
<status status="PASS" starttime="20200720 00:13:50.201" endtime="20200720 00:13:50.202"></status>
</kw>
<kw name="Quando faço o cadastro desse item" library="kws">
<kw name="Wait Until Element Is Visible" library="SeleniumLibrary">
<doc>Waits until the element ``locator`` is visible.</doc>
<arguments>
<arg>${BOTAO_ADD}</arg>
<arg>5</arg>
</arguments>
<status status="PASS" starttime="20200720 00:13:50.203" endtime="20200720 00:13:50.431"></status>
</kw>
<kw name="Click Element" library="SeleniumLibrary">
<doc>Click the element identified by ``locator``.</doc>
<arguments>
<arg>${BOTAO_ADD}</arg>
</arguments>
<msg timestamp="20200720 00:13:50.431" level="INFO">Clicking element 'class:btn-add'.</msg>
<status status="PASS" starttime="20200720 00:13:50.431" endtime="20200720 00:13:50.476"></status>
</kw>
<kw name="Choose File" library="SeleniumLibrary">
<doc>Inputs the ``file_path`` into the file input field ``locator``.</doc>
<arguments>
<arg>${CAMPO_FOTO}</arg>
<arg>${EXECDIR}/resources/images/${produto['img']}</arg>
</arguments>
<msg timestamp="20200720 00:13:50.477" level="INFO">Sending /Users/robsons/projetos/roboweek/ninjachef/resources/images/nhoque.jpeg to browser.</msg>
<status status="PASS" starttime="20200720 00:13:50.476" endtime="20200720 00:13:50.517"></status>
</kw>
<kw name="Input Text" library="SeleniumLibrary">
<doc>Types the given ``text`` into the text field identified by ``locator``.</doc>
<arguments>
<arg>${CAMPO_NOME}</arg>
<arg>${produto['nome']}</arg>
</arguments>
<msg timestamp="20200720 00:13:50.518" level="INFO">Typing text 'Nnhoque molho práprica' into text field 'id:name'.</msg>
<status status="PASS" starttime="20200720 00:13:50.518" endtime="20200720 00:13:50.626"></status>
</kw>
<kw name="Input Text" library="SeleniumLibrary">
<doc>Types the given ``text`` into the text field identified by ``locator``.</doc>
<arguments>
<arg>${CAMPO_TIPO}</arg>
<arg>${produto['tipo']}</arg>
</arguments>
<msg timestamp="20200720 00:13:50.627" level="INFO">Typing text 'Massas' into text field 'id:plate'.</msg>
<status status="PASS" starttime="20200720 00:13:50.626" endtime="20200720 00:13:50.688"></status>
</kw>
<kw name="Input Text" library="SeleniumLibrary">
<doc>Types the given ``text`` into the text field identified by ``locator``.</doc>
<arguments>
<arg>${CAMPO_PRECO}</arg>
<arg>${produto['preco']}</arg>
</arguments>
<msg timestamp="20200720 00:13:50.689" level="INFO">Typing text '20.00' into text field 'id:price'.</msg>
<status status="PASS" starttime="20200720 00:13:50.688" endtime="20200720 00:13:50.754"></status>
</kw>
<kw name="Click Element" library="SeleniumLibrary">
<doc>Click the element identified by ``locator``.</doc>
<arguments>
<arg>${CAMPO_CADASTRAR}</arg>
</arguments>
<msg timestamp="20200720 00:13:50.755" level="INFO">Clicking element 'class:btn-cadastrar'.</msg>
<status status="PASS" starttime="20200720 00:13:50.755" endtime="20200720 00:13:50.796"></status>
</kw>
<status status="PASS" starttime="20200720 00:13:50.202" endtime="20200720 00:13:50.796"></status>
</kw>
<kw name="Então devo ver este prato no meu dashboard" library="kws">
<kw name="Wait Until Element Contains" library="SeleniumLibrary">
<doc>Waits until the element ``locator`` contains ``text``.</doc>
<arguments>
<arg>${DIV_LISTA}</arg>
<arg>${produto['nome']}</arg>
</arguments>
<status status="PASS" starttime="20200720 00:13:50.797" endtime="20200720 00:13:51.681"></status>
</kw>
<status status="PASS" starttime="20200720 00:13:50.796" endtime="20200720 00:13:51.681"></status>
</kw>
<kw name="Close Session" library="base" type="teardown">
<kw name="Capture Page Screenshot" library="SeleniumLibrary">
<doc>Takes a screenshot of the current page and embeds it into a log file.</doc>
<msg timestamp="20200720 00:13:52.052" level="INFO" html="yes">&lt;/td&gt;&lt;/tr&gt;&lt;tr&gt;&lt;td colspan="3"&gt;&lt;a href="selenium-screenshot-2.png"&gt;&lt;img src="selenium-screenshot-2.png" width="800px"&gt;&lt;/a&gt;</msg>
<status status="PASS" starttime="20200720 00:13:51.682" endtime="20200720 00:13:52.052"></status>
</kw>
<kw name="Close Browser" library="SeleniumLibrary">
<doc>Closes the current browser.</doc>
<status status="PASS" starttime="20200720 00:13:52.053" endtime="20200720 00:13:52.149"></status>
</kw>
<status status="PASS" starttime="20200720 00:13:51.682" endtime="20200720 00:13:52.149"></status>
</kw>
<status status="PASS" starttime="20200720 00:13:46.673" endtime="20200720 00:13:52.149" critical="yes"></status>
</test>
<doc>Cadastro de produtos/pratos
Cozinhar para seus clientes
Cozinheiro ter as opções para cadastro</doc>
<status status="PASS" starttime="20200720 00:13:46.665" endtime="20200720 00:13:52.150"></status>
</suite>
<status status="PASS" starttime="20200720 00:13:40.690" endtime="20200720 00:13:52.153"></status>
</suite>
<statistics>
<total>
<stat pass="2" fail="0">Critical Tests</stat>
<stat pass="2" fail="0">All Tests</stat>
</total>
<tag>
</tag>
<suite>
<stat pass="2" fail="0" id="s1" name="Tests">Tests</stat>
<stat pass="1" fail="0" id="s1-s1" name="Cadastro">Tests.Cadastro</stat>
<stat pass="1" fail="0" id="s1-s2" name="Produtos">Tests.Produtos</stat>
</suite>
</statistics>
<errors>
</errors>
</robot>
