<?xml version="1.0" encoding="UTF-8"?>
<robot generator="Robot 3.2.1 (Python 3.8.2 on darwin)" generated="20200809 20:18:38.331" rpa="false">
<suite id="s1" name="Login" source="/Users/robsons/projetos/roboweek/ninjachef/mobile/tests/login.robot">
<test id="s1-t1" name="Acessar o cardapio">
<kw name="Open Session" library="base" type="setup">
<kw name="Open Application" library="AppiumLibrary">
<doc>Opens a new application to given Appium server.
Capabilities of appium server, Android and iOS,
Please check https://github.com/appium/appium/blob/master/docs/en/writing-running-appium/server-args.md
| *Option*            | *Man.* | *Description*     |
| remote_url          | Yes    | Appium server url |
| alias               | no     | alias             |</doc>
<arguments>
<arg>http://localhost:4723/wd/hub</arg>
<arg>automationName=UiAutomator2</arg>
<arg>platformName=Android</arg>
<arg>deviceName=Emulator</arg>
<arg>app=${EXECDIR}/app/ninjachef.apk</arg>
<arg>udid=emulator-5554</arg>
<arg>adbExecTimeout=120000</arg>
</arguments>
<kw name="Capture Page Screenshot" library="AppiumLibrary">
<doc>Takes a screenshot of the current page and embeds it into the log.</doc>
<status status="FAIL" starttime="20200809 20:19:26.648" endtime="20200809 20:19:26.648"></status>
</kw>
<msg timestamp="20200809 20:19:26.650" level="WARN">Keyword 'Capture Page Screenshot' could not be run on failure: Execution terminated by signal</msg>
<status status="FAIL" starttime="20200809 20:18:38.557" endtime="20200809 20:19:26.650"></status>
</kw>
<status status="FAIL" starttime="20200809 20:18:38.557" endtime="20200809 20:19:26.651"></status>
</kw>
<kw name="Close Session" library="base" type="teardown">
<kw name="Close Application" library="AppiumLibrary">
<doc>Closes the current application and also close webdriver session.</doc>
<kw name="Capture Page Screenshot" library="AppiumLibrary">
<doc>Takes a screenshot of the current page and embeds it into the log.</doc>
<msg timestamp="20200809 20:19:26.655" level="FAIL">No application is open</msg>
<status status="FAIL" starttime="20200809 20:19:26.652" endtime="20200809 20:19:26.655"></status>
</kw>
<msg timestamp="20200809 20:19:26.656" level="WARN">Keyword 'Capture Page Screenshot' could not be run on failure: No application is open</msg>
<msg timestamp="20200809 20:19:26.657" level="FAIL">No application is open</msg>
<status status="FAIL" starttime="20200809 20:19:26.652" endtime="20200809 20:19:26.657"></status>
</kw>
<status status="FAIL" starttime="20200809 20:19:26.651" endtime="20200809 20:19:26.657">No application is open</status>
</kw>
<status status="FAIL" starttime="20200809 20:18:38.557" endtime="20200809 20:19:26.657" critical="yes">Setup failed:
Execution terminated by signal

Also teardown failed:
No application is open</status>
</test>
<doc>Testes do login no app Ninjachef</doc>
<status status="FAIL" starttime="20200809 20:18:38.332" endtime="20200809 20:19:26.659"></status>
</suite>
<statistics>
<total>
<stat pass="0" fail="1">Critical Tests</stat>
<stat pass="0" fail="1">All Tests</stat>
</total>
<tag>
</tag>
<suite>
<stat pass="0" fail="1" id="s1" name="Login">Login</stat>
</suite>
</statistics>
<errors>
<msg timestamp="20200809 20:19:26.650" level="WARN">Keyword 'Capture Page Screenshot' could not be run on failure: Execution terminated by signal</msg>
<msg timestamp="20200809 20:19:26.656" level="WARN">Keyword 'Capture Page Screenshot' could not be run on failure: No application is open</msg>
</errors>
</robot>
